Using pre-set license
Built from '2021.1/staging' branch; Version is '2021.1.7f1 (d91830b65d9b) revision 14227504'; Using compiler version '192528614'; Build Type 'Release'
OS: 'Windows 10 Pro; OS build 19043.1083; Version 2009; 64bit' Language: 'en' Physical Memory: 6143 MB
BatchMode: 1, IsHumanControllingUs: 0, StartBugReporterOnCrash: 0, Is64bit: 1, IsPro: 0

 COMMAND LINE ARGUMENTS:
C:\Program Files\Unity\Hub\Editor\2021.1.7f1\Editor\Unity.exe
-adb2
-batchMode
-noUpm
-name
AssetImportWorker2
-projectPath
C:/Users/bokai/Documents/UnityProjects/AstrayDev002
-logFile
Logs/AssetImportWorker2.log
-srvPort
27595
Successfully changed project path to: C:/Users/bokai/Documents/UnityProjects/AstrayDev002
C:/Users/bokai/Documents/UnityProjects/AstrayDev002
Using Asset Import Pipeline V2.
Refreshing native plugins compatible for Editor in 176.36 ms, found 2 plugins.
Preloading 0 native plugins for Editor in 0.00 ms.
Initialize engine version: 2021.1.7f1 (d91830b65d9b)
[Subsystems] Discovering subsystems at path C:/Program Files/Unity/Hub/Editor/2021.1.7f1/Editor/Data/Resources/UnitySubsystems
[Subsystems] Discovering subsystems at path C:/Users/bokai/Documents/UnityProjects/AstrayDev002/Assets
GfxDevice: creating device client; threaded=0; jobified=0
Direct3D:
    Version:  Direct3D 11.0 [level 11.1]
    Renderer: Radeon RX550/550 Series (ID=0x699f)
    Vendor:   ATI
    VRAM:     2028 MB
    Driver:   27.20.1034.6
Initialize mono
Mono path[0] = 'C:/Program Files/Unity/Hub/Editor/2021.1.7f1/Editor/Data/Managed'
Mono path[1] = 'C:/Program Files/Unity/Hub/Editor/2021.1.7f1/Editor/Data/MonoBleedingEdge/lib/mono/unityjit'
Mono config path = 'C:/Program Files/Unity/Hub/Editor/2021.1.7f1/Editor/Data/MonoBleedingEdge/etc'
Using monoOptions --debugger-agent=transport=dt_socket,embedding=1,server=y,suspend=n,address=127.0.0.1:56388
Begin MonoManager ReloadAssembly
Registering precompiled unity dll's ...
Register platform support module: C:/Program Files/Unity/Hub/Editor/2021.1.7f1/Editor/Data/PlaybackEngines/WebGLSupport/UnityEditor.WebGL.Extensions.dll
Register platform support module: C:/Program Files/Unity/Hub/Editor/2021.1.7f1/Editor/Data/PlaybackEngines/WindowsStandaloneSupport/UnityEditor.WindowsStandalone.Extensions.dll
Registered in 0.004374 seconds.
Native extension for WindowsStandalone target not found
Native extension for WebGL target not found
Refreshing native plugins compatible for Editor in 174.73 ms, found 2 plugins.
Preloading 0 native plugins for Editor in 0.00 ms.
Mono: successfully reloaded assembly
- Completed reload, in  2.443 seconds
Platform modules already initialized, skipping
Registering precompiled user dll's ...
Registered in 0.005528 seconds.
Begin MonoManager ReloadAssembly
Native extension for WindowsStandalone target not found
Native extension for WebGL target not found
Refreshing native plugins compatible for Editor in 178.61 ms, found 2 plugins.
Preloading 0 native plugins for Editor in 0.00 ms.
Mono: successfully reloaded assembly
- Completed reload, in  2.312 seconds
Platform modules already initialized, skipping
========================================================================
Worker process is ready to serve import requests
Launched and connected shader compiler UnityShaderCompiler.exe after 0.21 seconds
Refreshing native plugins compatible for Editor in 1.29 ms, found 2 plugins.
Preloading 0 native plugins for Editor in 0.00 ms.
Unloading 3384 Unused Serialized files (Serialized files now loaded: 0)
System memory in use before: 128.1 MB.
System memory in use after: 128.3 MB.

Unloading 23 unused Assets to reduce memory usage. Loaded Objects now: 3842.
Total: 5.487200 ms (FindLiveObjects: 1.031700 ms CreateObjectMapping: 0.310900 ms MarkObjects: 4.035100 ms  DeleteObjects: 0.107100 ms)

========================================================================
Received Import Request.
  path: Assets/_Project/Scenes
  artifactKey: Guid(37306c14c73933d429d14f1b3c753240) Importer(815301076,1909f56bfc062723c751e8b465ee728b)
Start importing Assets/_Project/Scenes using Guid(37306c14c73933d429d14f1b3c753240) Importer(815301076,1909f56bfc062723c751e8b465ee728b)  -> (artifact id: '7ffdc5e9b0fbcb3b85c26c884b5de803') in 0.020090 seconds 
========================================================================
Received Import Request.
  Time since last request: 0.000383 seconds.
  path: Assets/_Project/Scripts/Attributes
  artifactKey: Guid(4390242eab642714a8950d1d1be6fc3c) Importer(815301076,1909f56bfc062723c751e8b465ee728b)
Start importing Assets/_Project/Scripts/Attributes using Guid(4390242eab642714a8950d1d1be6fc3c) Importer(815301076,1909f56bfc062723c751e8b465ee728b)  -> (artifact id: '81de1cf5b1995ca25630c15219e3c66f') in 0.012372 seconds 
========================================================================
Received Import Request.
  Time since last request: 0.000403 seconds.
  path: Assets/_Project/Scripts/Interaction System
  artifactKey: Guid(abda05ae0fb809442bed302b04de0067) Importer(815301076,1909f56bfc062723c751e8b465ee728b)
Start importing Assets/_Project/Scripts/Interaction System using Guid(abda05ae0fb809442bed302b04de0067) Importer(815301076,1909f56bfc062723c751e8b465ee728b)  -> (artifact id: 'd229dba2b28709eb66567d8404840b35') in 0.013548 seconds 
========================================================================
Received Import Request.
  Time since last request: 0.000369 seconds.
  path: Assets/_Project/Scripts/Attributes/ReadonlyAttribute.cs
  artifactKey: Guid(7ddb4b5ebd180a6478245511c8973674) Importer(815301076,1909f56bfc062723c751e8b465ee728b)
Start importing Assets/_Project/Scripts/Attributes/ReadonlyAttribute.cs using Guid(7ddb4b5ebd180a6478245511c8973674) Importer(815301076,1909f56bfc062723c751e8b465ee728b)  -> (artifact id: 'e84074da5d9c1de2ddddc4f42302098d') in 0.209152 seconds 
========================================================================
Received Import Request.
  Time since last request: 0.000350 seconds.
  path: Assets/_Project/Scripts/Character
  artifactKey: Guid(3bc847c2fe8712b40bc97e4d605cc27a) Importer(815301076,1909f56bfc062723c751e8b465ee728b)
Start importing Assets/_Project/Scripts/Character using Guid(3bc847c2fe8712b40bc97e4d605cc27a) Importer(815301076,1909f56bfc062723c751e8b465ee728b)  -> (artifact id: '60a1ee69b2e52063c6a4eab258eccea4') in 0.019113 seconds 
========================================================================
Received Import Request.
  Time since last request: 0.001191 seconds.
  path: Assets/_Project/Scripts/Interaction System/Interactors
  artifactKey: Guid(75631231fbd11c54380e7a0596429699) Importer(815301076,1909f56bfc062723c751e8b465ee728b)
Start importing Assets/_Project/Scripts/Interaction System/Interactors using Guid(75631231fbd11c54380e7a0596429699) Importer(815301076,1909f56bfc062723c751e8b465ee728b)  -> (artifact id: 'aaadabf8d2a517f002b0cb99688ae7b8') in 0.021790 seconds 
========================================================================
Received Import Request.
  Time since last request: 0.000310 seconds.
  path: Assets/_Project/Scripts
  artifactKey: Guid(9c854987b37e27c49b50831e92300d5b) Importer(815301076,1909f56bfc062723c751e8b465ee728b)
Start importing Assets/_Project/Scripts using Guid(9c854987b37e27c49b50831e92300d5b) Importer(815301076,1909f56bfc062723c751e8b465ee728b)  -> (artifact id: 'c31ad4742e44d23dfaca3f09474b56c5') in 0.017028 seconds 
========================================================================
Received Import Request.
  Time since last request: 0.000337 seconds.
  path: Assets/_Project/Scripts/Attributes/Edtior
  artifactKey: Guid(f186bca0f7d36d2499b8bf8fbdfe7484) Importer(815301076,1909f56bfc062723c751e8b465ee728b)
Start importing Assets/_Project/Scripts/Attributes/Edtior using Guid(f186bca0f7d36d2499b8bf8fbdfe7484) Importer(815301076,1909f56bfc062723c751e8b465ee728b)  -> (artifact id: 'd28876827e01ebcad9c1e36fbf2126cf') in 0.012331 seconds 
========================================================================
Received Import Request.
  Time since last request: 1.536588 seconds.
  path: Assets/_Project/Scripts/Pause Menu
  artifactKey: Guid(c9814aefbb1e556498ba62c948b63b47) Importer(815301076,1909f56bfc062723c751e8b465ee728b)
Start importing Assets/_Project/Scripts/Pause Menu using Guid(c9814aefbb1e556498ba62c948b63b47) Importer(815301076,1909f56bfc062723c751e8b465ee728b)  -> (artifact id: '76f88a357ea0cf574928248e51978432') in 0.016615 seconds 
========================================================================
Received Import Request.
  Time since last request: 17.344162 seconds.
  path: Assets/_Project/Scripts/Pause Menu/PauseMenu.cs
  artifactKey: Guid(0f68e565d2ed50043a366b6073616887) Importer(815301076,1909f56bfc062723c751e8b465ee728b)
Start importing Assets/_Project/Scripts/Pause Menu/PauseMenu.cs using Guid(0f68e565d2ed50043a366b6073616887) Importer(815301076,1909f56bfc062723c751e8b465ee728b)  -> (artifact id: 'dfbe67fff42ea9e463d80079dab062d8') in 0.021004 seconds 
========================================================================
Received Prepare
Registering precompiled user dll's ...
Registered in 0.006381 seconds.
Begin MonoManager ReloadAssembly
Native extension for WindowsStandalone target not found
Native extension for WebGL target not found
Refreshing native plugins compatible for Editor in 1.32 ms, found 2 plugins.
Preloading 0 native plugins for Editor in 0.00 ms.
Mono: successfully reloaded assembly
- Completed reload, in  2.035 seconds
Platform modules already initialized, skipping
Refreshing native plugins compatible for Editor in 1.01 ms, found 2 plugins.
Preloading 0 native plugins for Editor in 0.00 ms.
Unloading 3375 Unused Serialized files (Serialized files now loaded: 0)
System memory in use before: 127.6 MB.
System memory in use after: 127.9 MB.

Unloading 11 unused Assets to reduce memory usage. Loaded Objects now: 3847.
Total: 5.346500 ms (FindLiveObjects: 1.038300 ms CreateObjectMapping: 0.328900 ms MarkObjects: 3.938500 ms  DeleteObjects: 0.038300 ms)

========================================================================
Received Prepare
Registering precompiled user dll's ...
Registered in 0.004938 seconds.
Begin MonoManager ReloadAssembly
Native extension for WindowsStandalone target not found
Native extension for WebGL target not found
Refreshing native plugins compatible for Editor in 1.32 ms, found 2 plugins.
Preloading 0 native plugins for Editor in 0.00 ms.
Mono: successfully reloaded assembly
- Completed reload, in  1.850 seconds
Platform modules already initialized, skipping
Refreshing native plugins compatible for Editor in 1.15 ms, found 2 plugins.
Preloading 0 native plugins for Editor in 0.00 ms.
Unloading 3374 Unused Serialized files (Serialized files now loaded: 0)
System memory in use before: 127.7 MB.
System memory in use after: 127.9 MB.

Unloading 12 unused Assets to reduce memory usage. Loaded Objects now: 3850.
Total: 6.296900 ms (FindLiveObjects: 1.102500 ms CreateObjectMapping: 0.430300 ms MarkObjects: 4.715300 ms  DeleteObjects: 0.046100 ms)

========================================================================
Received Import Request.
  Time since last request: 175.817043 seconds.
  path: Assets/_Project/Scripts/MenuSystem
  artifactKey: Guid(7898b48a2afc0f24fa45c783b3c1bb5d) Importer(815301076,1909f56bfc062723c751e8b465ee728b)
Start importing Assets/_Project/Scripts/MenuSystem using Guid(7898b48a2afc0f24fa45c783b3c1bb5d) Importer(815301076,1909f56bfc062723c751e8b465ee728b)  -> (artifact id: '734ed560f6c669aa7565ddc246de4d6d') in 0.018391 seconds 
========================================================================
Received Import Request.
  Time since last request: 6.884235 seconds.
  path: Assets/_Project/Scripts/MenuSystem/PauseMenu
  artifactKey: Guid(71b2698349d6b46428db99eac3f92de7) Importer(815301076,1909f56bfc062723c751e8b465ee728b)
Start importing Assets/_Project/Scripts/MenuSystem/PauseMenu using Guid(71b2698349d6b46428db99eac3f92de7) Importer(815301076,1909f56bfc062723c751e8b465ee728b)  -> (artifact id: 'fa0c5c7984405eb4f45d7da3a1c47622') in 0.015966 seconds 
========================================================================
Received Import Request.
  Time since last request: 7.518017 seconds.
  path: Assets/_Project/Scripts/MenuSystem/PauseMenu/PauseMenu.cs
  artifactKey: Guid(a8cedd53729d7634e81ab958d28f0843) Importer(815301076,1909f56bfc062723c751e8b465ee728b)
Start importing Assets/_Project/Scripts/MenuSystem/PauseMenu/PauseMenu.cs using Guid(a8cedd53729d7634e81ab958d28f0843) Importer(815301076,1909f56bfc062723c751e8b465ee728b)  -> (artifact id: 'c38e83b7ed0d38f12dddd166e15197db') in 0.019807 seconds 
========================================================================
Received Prepare
Registering precompiled user dll's ...
Registered in 0.004829 seconds.
Begin MonoManager ReloadAssembly
Native extension for WindowsStandalone target not found
Native extension for WebGL target not found
Refreshing native plugins compatible for Editor in 1.29 ms, found 2 plugins.
Preloading 0 native plugins for Editor in 0.00 ms.
Mono: successfully reloaded assembly
- Completed reload, in  1.883 seconds
Platform modules already initialized, skipping
Refreshing native plugins compatible for Editor in 1.23 ms, found 2 plugins.
Preloading 0 native plugins for Editor in 0.00 ms.
Unloading 3375 Unused Serialized files (Serialized files now loaded: 0)
System memory in use before: 127.7 MB.
System memory in use after: 127.9 MB.

Unloading 11 unused Assets to reduce memory usage. Loaded Objects now: 3855.
Total: 5.697200 ms (FindLiveObjects: 1.066000 ms CreateObjectMapping: 0.329000 ms MarkObjects: 4.267700 ms  DeleteObjects: 0.032500 ms)

========================================================================
Received Prepare
Registering precompiled user dll's ...
Registered in 0.067391 seconds.
Begin MonoManager ReloadAssembly
Native extension for WindowsStandalone target not found
Native extension for WebGL target not found
Refreshing native plugins compatible for Editor in 1.35 ms, found 2 plugins.
Preloading 0 native plugins for Editor in 0.00 ms.
Mono: successfully reloaded assembly
- Completed reload, in  2.057 seconds
Platform modules already initialized, skipping
Refreshing native plugins compatible for Editor in 1.32 ms, found 2 plugins.
Preloading 0 native plugins for Editor in 0.00 ms.
Unloading 3375 Unused Serialized files (Serialized files now loaded: 0)
System memory in use before: 127.7 MB.
System memory in use after: 128.0 MB.

Unloading 11 unused Assets to reduce memory usage. Loaded Objects now: 3859.
Total: 5.651100 ms (FindLiveObjects: 1.011300 ms CreateObjectMapping: 0.318000 ms MarkObjects: 4.279300 ms  DeleteObjects: 0.040000 ms)

========================================================================
Received Prepare
Registering precompiled user dll's ...
Registered in 0.004749 seconds.
Begin MonoManager ReloadAssembly
Native extension for WindowsStandalone target not found
Native extension for WebGL target not found
Refreshing native plugins compatible for Editor in 1.48 ms, found 2 plugins.
Preloading 0 native plugins for Editor in 0.00 ms.
Mono: successfully reloaded assembly
- Completed reload, in  1.875 seconds
Platform modules already initialized, skipping
Refreshing native plugins compatible for Editor in 1.31 ms, found 2 plugins.
Preloading 0 native plugins for Editor in 0.00 ms.
Unloading 3375 Unused Serialized files (Serialized files now loaded: 0)
System memory in use before: 127.7 MB.
System memory in use after: 128.0 MB.

Unloading 11 unused Assets to reduce memory usage. Loaded Objects now: 3863.
Total: 6.834700 ms (FindLiveObjects: 2.079400 ms CreateObjectMapping: 0.348200 ms MarkObjects: 4.372000 ms  DeleteObjects: 0.032700 ms)

========================================================================
Received Import Request.
  Time since last request: 1698.488124 seconds.
  path: Assets/_Project/Scripts/MenuSystem/PauseMenu/PauseMenu.cs
  artifactKey: Guid(a8cedd53729d7634e81ab958d28f0843) Importer(815301076,1909f56bfc062723c751e8b465ee728b)
Start importing Assets/_Project/Scripts/MenuSystem/PauseMenu/PauseMenu.cs using Guid(a8cedd53729d7634e81ab958d28f0843) Importer(815301076,1909f56bfc062723c751e8b465ee728b)  -> (artifact id: '4a6552c3327f1490bf3b210724b2343a') in 0.012710 seconds 
========================================================================
Received Prepare
Registering precompiled user dll's ...
Registered in 0.005706 seconds.
Begin MonoManager ReloadAssembly
Native extension for WindowsStandalone target not found
Native extension for WebGL target not found
Refreshing native plugins compatible for Editor in 1.34 ms, found 2 plugins.
Preloading 0 native plugins for Editor in 0.00 ms.
Mono: successfully reloaded assembly
- Completed reload, in  1.987 seconds
Platform modules already initialized, skipping
Refreshing native plugins compatible for Editor in 1.36 ms, found 2 plugins.
Preloading 0 native plugins for Editor in 0.00 ms.
Unloading 3375 Unused Serialized files (Serialized files now loaded: 0)
System memory in use before: 127.8 MB.
System memory in use after: 128.0 MB.

Unloading 11 unused Assets to reduce memory usage. Loaded Objects now: 3867.
Total: 6.069700 ms (FindLiveObjects: 1.250200 ms CreateObjectMapping: 0.413300 ms MarkObjects: 4.354500 ms  DeleteObjects: 0.049200 ms)

========================================================================
Received Prepare
Registering precompiled user dll's ...
Registered in 0.005281 seconds.
Begin MonoManager ReloadAssembly
Native extension for WindowsStandalone target not found
Native extension for WebGL target not found
Refreshing native plugins compatible for Editor in 1.78 ms, found 2 plugins.
Preloading 0 native plugins for Editor in 0.00 ms.
Mono: successfully reloaded assembly
- Completed reload, in  2.713 seconds
Platform modules already initialized, skipping
Refreshing native plugins compatible for Editor in 1.30 ms, found 2 plugins.
Preloading 0 native plugins for Editor in 0.00 ms.
Unloading 3375 Unused Serialized files (Serialized files now loaded: 0)
System memory in use before: 127.8 MB.
System memory in use after: 128.0 MB.

Unloading 11 unused Assets to reduce memory usage. Loaded Objects now: 3871.
Total: 5.523900 ms (FindLiveObjects: 1.105200 ms CreateObjectMapping: 0.322700 ms MarkObjects: 4.056600 ms  DeleteObjects: 0.037300 ms)

========================================================================
Received Prepare
Registering precompiled user dll's ...
Registered in 0.005213 seconds.
Begin MonoManager ReloadAssembly
Native extension for WindowsStandalone target not found
Native extension for WebGL target not found
Refreshing native plugins compatible for Editor in 1.34 ms, found 2 plugins.
Preloading 0 native plugins for Editor in 0.00 ms.
Mono: successfully reloaded assembly
- Completed reload, in  1.989 seconds
Platform modules already initialized, skipping
Refreshing native plugins compatible for Editor in 8.66 ms, found 2 plugins.
Preloading 0 native plugins for Editor in 0.00 ms.
Unloading 3375 Unused Serialized files (Serialized files now loaded: 0)
System memory in use before: 127.8 MB.
System memory in use after: 128.0 MB.

Unloading 11 unused Assets to reduce memory usage. Loaded Objects now: 3875.
Total: 6.409700 ms (FindLiveObjects: 1.967000 ms CreateObjectMapping: 0.344800 ms MarkObjects: 4.054400 ms  DeleteObjects: 0.041000 ms)

AssetImportWorkerClient::OnTransportError - code=2 error=End of file
