Using pre-set license
Built from '2021.1/staging' branch; Version is '2021.1.7f1 (d91830b65d9b) revision 14227504'; Using compiler version '192528614'; Build Type 'Release'
OS: 'Windows 10 Pro; OS build 19042.928; Version 2009; 64bit' Language: 'en' Physical Memory: 16313 MB
BatchMode: 1, IsHumanControllingUs: 0, StartBugReporterOnCrash: 0, Is64bit: 1, IsPro: 0

 COMMAND LINE ARGUMENTS:
C:\Program Files\Unity\Hub\Editor\2021.1.7f1\Editor\Unity.exe
-adb2
-batchMode
-noUpm
-name
AssetImportWorker0
-projectPath
C:/Users/user/Documents/BocaByte Projects/AstrayDev002/AstrayDev002
-logFile
Logs/AssetImportWorker0.log
-srvPort
50693
Successfully changed project path to: C:/Users/user/Documents/BocaByte Projects/AstrayDev002/AstrayDev002
C:/Users/user/Documents/BocaByte Projects/AstrayDev002/AstrayDev002
Using Asset Import Pipeline V2.
Refreshing native plugins compatible for Editor in 139.63 ms, found 2 plugins.
Preloading 0 native plugins for Editor in 0.00 ms.
Initialize engine version: 2021.1.7f1 (d91830b65d9b)
[Subsystems] Discovering subsystems at path C:/Program Files/Unity/Hub/Editor/2021.1.7f1/Editor/Data/Resources/UnitySubsystems
[Subsystems] Discovering subsystems at path C:/Users/user/Documents/BocaByte Projects/AstrayDev002/AstrayDev002/Assets
GfxDevice: creating device client; threaded=0; jobified=0
Direct3D:
    Version:  Direct3D 11.0 [level 11.1]
    Renderer: NVIDIA GeForce GTX 1650 SUPER (ID=0x2187)
    Vendor:   NVIDIA
    VRAM:     3955 MB
    Driver:   27.21.14.5671
Initialize mono
Mono path[0] = 'C:/Program Files/Unity/Hub/Editor/2021.1.7f1/Editor/Data/Managed'
Mono path[1] = 'C:/Program Files/Unity/Hub/Editor/2021.1.7f1/Editor/Data/MonoBleedingEdge/lib/mono/unityjit'
Mono config path = 'C:/Program Files/Unity/Hub/Editor/2021.1.7f1/Editor/Data/MonoBleedingEdge/etc'
Using monoOptions --debugger-agent=transport=dt_socket,embedding=1,server=y,suspend=n,address=127.0.0.1:56144
Begin MonoManager ReloadAssembly
Registering precompiled unity dll's ...
Register platform support module: C:/Program Files/Unity/Hub/Editor/2021.1.7f1/Editor/Data/PlaybackEngines/WindowsStandaloneSupport/UnityEditor.WindowsStandalone.Extensions.dll
Registered in 0.002710 seconds.
Native extension for WindowsStandalone target not found
Refreshing native plugins compatible for Editor in 144.58 ms, found 2 plugins.
Preloading 0 native plugins for Editor in 0.00 ms.
Mono: successfully reloaded assembly
- Completed reload, in  1.942 seconds
Platform modules already initialized, skipping
Registering precompiled user dll's ...
Registered in 0.004896 seconds.
Begin MonoManager ReloadAssembly
Symbol file LoadedFromMemory doesn't match image C:\Users\user\Documents\BocaByte Projects\AstrayDev002\AstrayDev002\Library\PackageCache\com.unity.visualscripting@1.6.1\Editor\VisualScripting.Core\Dependencies\YamlDotNet\Unity.VisualScripting.YamlDotNet.dll
Symbol file LoadedFromMemory doesn't match image C:\Users\user\Documents\BocaByte Projects\AstrayDev002\AstrayDev002\Library\PackageCache\com.unity.visualscripting@1.6.1\Editor\VisualScripting.Core\Dependencies\DotNetZip\Unity.VisualScripting.IonicZip.dll
Native extension for WindowsStandalone target not found
Refreshing native plugins compatible for Editor in 143.06 ms, found 2 plugins.
Preloading 0 native plugins for Editor in 0.00 ms.
Mono: successfully reloaded assembly
- Completed reload, in  1.641 seconds
Platform modules already initialized, skipping
========================================================================
Worker process is ready to serve import requests
Launched and connected shader compiler UnityShaderCompiler.exe after 0.07 seconds
Refreshing native plugins compatible for Editor in 1.54 ms, found 2 plugins.
Preloading 0 native plugins for Editor in 0.00 ms.
Unloading 3393 Unused Serialized files (Serialized files now loaded: 0)
System memory in use before: 128.2 MB.
System memory in use after: 128.5 MB.

Unloading 23 unused Assets to reduce memory usage. Loaded Objects now: 3851.
Total: 5.372600 ms (FindLiveObjects: 0.780100 ms CreateObjectMapping: 0.190900 ms MarkObjects: 4.290100 ms  DeleteObjects: 0.109000 ms)

========================================================================
Received Import Request.
  path: Assets/_Project/Sprites/Tiles
  artifactKey: Guid(ec1f06cc2e15d234db546cb4baa606a2) Importer(815301076,1909f56bfc062723c751e8b465ee728b)
Start importing Assets/_Project/Sprites/Tiles using Guid(ec1f06cc2e15d234db546cb4baa606a2) Importer(815301076,1909f56bfc062723c751e8b465ee728b)  -> (artifact id: '8afc8ad649d398c447c1e2efd307d992') in 0.039979 seconds 
========================================================================
Received Import Request.
  Time since last request: 4.206515 seconds.
  path: Assets/_Project/Sprites/Tiles/Floor
  artifactKey: Guid(db8a1862d076bd14eba444ac1624966e) Importer(815301076,1909f56bfc062723c751e8b465ee728b)
Start importing Assets/_Project/Sprites/Tiles/Floor using Guid(db8a1862d076bd14eba444ac1624966e) Importer(815301076,1909f56bfc062723c751e8b465ee728b)  -> (artifact id: '230fe46163f84d1ff524368b907c117c') in 0.010852 seconds 
========================================================================
Received Import Request.
  Time since last request: 9.249368 seconds.
  path: Assets/_Project/Sprites/Tiles/Floor/TileSetFloor001.jpg
  artifactKey: Guid(95a6746485227bd4f82fc75feb6db58d) Importer(815301076,1909f56bfc062723c751e8b465ee728b)
Start importing Assets/_Project/Sprites/Tiles/Floor/TileSetFloor001.jpg using Guid(95a6746485227bd4f82fc75feb6db58d) Importer(815301076,1909f56bfc062723c751e8b465ee728b)  -> (artifact id: 'e7f35e22002a4ff4ad9be60cb419bb16') in 0.201699 seconds 
========================================================================
Received Import Request.
  Time since last request: 10.852044 seconds.
  path: Assets/_Project/Sprites/Tiles/Floor/TileSetFloor001.jpg
  artifactKey: Guid(95a6746485227bd4f82fc75feb6db58d) Importer(815301076,1909f56bfc062723c751e8b465ee728b)
Start importing Assets/_Project/Sprites/Tiles/Floor/TileSetFloor001.jpg using Guid(95a6746485227bd4f82fc75feb6db58d) Importer(815301076,1909f56bfc062723c751e8b465ee728b)  -> (artifact id: 'd7411e3b04b8b180278282938c4f3f2d') in 0.016051 seconds 
========================================================================
Received Import Request.
  Time since last request: 15.597236 seconds.
  path: Assets/_Project/Sprites/Tiles/Floor/TileSetFloor001.jpg
  artifactKey: Guid(95a6746485227bd4f82fc75feb6db58d) Importer(815301076,1909f56bfc062723c751e8b465ee728b)
Start importing Assets/_Project/Sprites/Tiles/Floor/TileSetFloor001.jpg using Guid(95a6746485227bd4f82fc75feb6db58d) Importer(815301076,1909f56bfc062723c751e8b465ee728b)  -> (artifact id: 'a9fdf76ca2370c8c00e5fabd7d60a74d') in 0.070335 seconds 
========================================================================
Received Import Request.
  Time since last request: 92.082573 seconds.
  path: Assets/_Project/Sprites/Tiles/Floor/Tilemaps/Pallete
  artifactKey: Guid(2b538c89c98a16043b8750b25bf5cc05) Importer(815301076,1909f56bfc062723c751e8b465ee728b)
Start importing Assets/_Project/Sprites/Tiles/Floor/Tilemaps/Pallete using Guid(2b538c89c98a16043b8750b25bf5cc05) Importer(815301076,1909f56bfc062723c751e8b465ee728b)  -> (artifact id: '0c0e37ed21e4966b1c56ec37f9f8b47d') in 0.012604 seconds 
========================================================================
Received Import Request.
  Time since last request: 4.413090 seconds.
  path: Assets/_Project/Sprites/Tiles/Floor/Tilemaps/Palette
  artifactKey: Guid(2b538c89c98a16043b8750b25bf5cc05) Importer(815301076,1909f56bfc062723c751e8b465ee728b)
Start importing Assets/_Project/Sprites/Tiles/Floor/Tilemaps/Palette using Guid(2b538c89c98a16043b8750b25bf5cc05) Importer(815301076,1909f56bfc062723c751e8b465ee728b)  -> (artifact id: '90b0baf29561a855b2e540521158e3b4') in 0.010852 seconds 
========================================================================
Received Prepare
Registering precompiled user dll's ...
Registered in 0.003533 seconds.
Begin MonoManager ReloadAssembly
Symbol file LoadedFromMemory doesn't match image C:\Users\user\Documents\BocaByte Projects\AstrayDev002\AstrayDev002\Library\PackageCache\com.unity.visualscripting@1.6.1\Editor\VisualScripting.Core\Dependencies\YamlDotNet\Unity.VisualScripting.YamlDotNet.dll
Symbol file LoadedFromMemory doesn't match image C:\Users\user\Documents\BocaByte Projects\AstrayDev002\AstrayDev002\Library\PackageCache\com.unity.visualscripting@1.6.1\Editor\VisualScripting.Core\Dependencies\DotNetZip\Unity.VisualScripting.IonicZip.dll
Native extension for WindowsStandalone target not found
Refreshing native plugins compatible for Editor in 1.59 ms, found 2 plugins.
Preloading 0 native plugins for Editor in 0.00 ms.
Mono: successfully reloaded assembly
- Completed reload, in  1.246 seconds
Platform modules already initialized, skipping
Refreshing native plugins compatible for Editor in 1.04 ms, found 2 plugins.
Preloading 0 native plugins for Editor in 0.00 ms.
Unloading 3384 Unused Serialized files (Serialized files now loaded: 0)
System memory in use before: 132.6 MB.
System memory in use after: 132.9 MB.

Unloading 11 unused Assets to reduce memory usage. Loaded Objects now: 3906.
Total: 3.921200 ms (FindLiveObjects: 0.394600 ms CreateObjectMapping: 0.119300 ms MarkObjects: 3.379700 ms  DeleteObjects: 0.026500 ms)

========================================================================
Received Prepare
Registering precompiled user dll's ...
Registered in 0.002821 seconds.
Begin MonoManager ReloadAssembly
Symbol file LoadedFromMemory doesn't match image C:\Users\user\Documents\BocaByte Projects\AstrayDev002\AstrayDev002\Library\PackageCache\com.unity.visualscripting@1.6.1\Editor\VisualScripting.Core\Dependencies\YamlDotNet\Unity.VisualScripting.YamlDotNet.dll
Symbol file LoadedFromMemory doesn't match image C:\Users\user\Documents\BocaByte Projects\AstrayDev002\AstrayDev002\Library\PackageCache\com.unity.visualscripting@1.6.1\Editor\VisualScripting.Core\Dependencies\DotNetZip\Unity.VisualScripting.IonicZip.dll
Native extension for WindowsStandalone target not found
Refreshing native plugins compatible for Editor in 0.82 ms, found 2 plugins.
Preloading 0 native plugins for Editor in 0.00 ms.
Mono: successfully reloaded assembly
- Completed reload, in  1.227 seconds
Platform modules already initialized, skipping
Refreshing native plugins compatible for Editor in 1.15 ms, found 2 plugins.
Preloading 0 native plugins for Editor in 0.00 ms.
Unloading 3383 Unused Serialized files (Serialized files now loaded: 0)
System memory in use before: 132.7 MB.
System memory in use after: 132.9 MB.

Unloading 11 unused Assets to reduce memory usage. Loaded Objects now: 3910.
Total: 4.064400 ms (FindLiveObjects: 0.399100 ms CreateObjectMapping: 0.120100 ms MarkObjects: 3.524700 ms  DeleteObjects: 0.019200 ms)

========================================================================
Received Prepare
Registering precompiled user dll's ...
Registered in 0.003128 seconds.
Begin MonoManager ReloadAssembly
Symbol file LoadedFromMemory doesn't match image C:\Users\user\Documents\BocaByte Projects\AstrayDev002\AstrayDev002\Library\PackageCache\com.unity.visualscripting@1.6.1\Editor\VisualScripting.Core\Dependencies\YamlDotNet\Unity.VisualScripting.YamlDotNet.dll
Symbol file LoadedFromMemory doesn't match image C:\Users\user\Documents\BocaByte Projects\AstrayDev002\AstrayDev002\Library\PackageCache\com.unity.visualscripting@1.6.1\Editor\VisualScripting.Core\Dependencies\DotNetZip\Unity.VisualScripting.IonicZip.dll
Native extension for WindowsStandalone target not found
Refreshing native plugins compatible for Editor in 1.20 ms, found 2 plugins.
Preloading 0 native plugins for Editor in 0.00 ms.
Mono: successfully reloaded assembly
- Completed reload, in  1.256 seconds
Platform modules already initialized, skipping
Refreshing native plugins compatible for Editor in 0.84 ms, found 2 plugins.
Preloading 0 native plugins for Editor in 0.00 ms.
Unloading 3383 Unused Serialized files (Serialized files now loaded: 0)
System memory in use before: 132.7 MB.
System memory in use after: 132.9 MB.

Unloading 11 unused Assets to reduce memory usage. Loaded Objects now: 3914.
Total: 3.968300 ms (FindLiveObjects: 0.443900 ms CreateObjectMapping: 0.345200 ms MarkObjects: 3.153100 ms  DeleteObjects: 0.024800 ms)

========================================================================
Received Prepare
Registering precompiled user dll's ...
Registered in 0.004257 seconds.
Begin MonoManager ReloadAssembly
Symbol file LoadedFromMemory doesn't match image C:\Users\user\Documents\BocaByte Projects\AstrayDev002\AstrayDev002\Library\PackageCache\com.unity.visualscripting@1.6.1\Editor\VisualScripting.Core\Dependencies\YamlDotNet\Unity.VisualScripting.YamlDotNet.dll
Symbol file LoadedFromMemory doesn't match image C:\Users\user\Documents\BocaByte Projects\AstrayDev002\AstrayDev002\Library\PackageCache\com.unity.visualscripting@1.6.1\Editor\VisualScripting.Core\Dependencies\DotNetZip\Unity.VisualScripting.IonicZip.dll
Native extension for WindowsStandalone target not found
Refreshing native plugins compatible for Editor in 2.05 ms, found 2 plugins.
Preloading 0 native plugins for Editor in 0.00 ms.
Mono: successfully reloaded assembly
- Completed reload, in  1.339 seconds
Platform modules already initialized, skipping
Refreshing native plugins compatible for Editor in 1.45 ms, found 2 plugins.
Preloading 0 native plugins for Editor in 0.00 ms.
Unloading 3383 Unused Serialized files (Serialized files now loaded: 0)
System memory in use before: 132.7 MB.
System memory in use after: 133.0 MB.

Unloading 11 unused Assets to reduce memory usage. Loaded Objects now: 3918.
Total: 4.672100 ms (FindLiveObjects: 0.732400 ms CreateObjectMapping: 0.220800 ms MarkObjects: 3.673100 ms  DeleteObjects: 0.043200 ms)

========================================================================
Received Prepare
Registering precompiled user dll's ...
Registered in 0.005076 seconds.
Begin MonoManager ReloadAssembly
Symbol file LoadedFromMemory doesn't match image C:\Users\user\Documents\BocaByte Projects\AstrayDev002\AstrayDev002\Library\PackageCache\com.unity.visualscripting@1.6.1\Editor\VisualScripting.Core\Dependencies\YamlDotNet\Unity.VisualScripting.YamlDotNet.dll
Symbol file LoadedFromMemory doesn't match image C:\Users\user\Documents\BocaByte Projects\AstrayDev002\AstrayDev002\Library\PackageCache\com.unity.visualscripting@1.6.1\Editor\VisualScripting.Core\Dependencies\DotNetZip\Unity.VisualScripting.IonicZip.dll
Native extension for WindowsStandalone target not found
Refreshing native plugins compatible for Editor in 1.79 ms, found 2 plugins.
Preloading 0 native plugins for Editor in 0.00 ms.
Mono: successfully reloaded assembly
- Completed reload, in  1.382 seconds
Platform modules already initialized, skipping
Refreshing native plugins compatible for Editor in 1.60 ms, found 2 plugins.
Preloading 0 native plugins for Editor in 0.00 ms.
Unloading 3383 Unused Serialized files (Serialized files now loaded: 0)
System memory in use before: 132.7 MB.
System memory in use after: 133.0 MB.

Unloading 11 unused Assets to reduce memory usage. Loaded Objects now: 3922.
Total: 5.240700 ms (FindLiveObjects: 0.463500 ms CreateObjectMapping: 0.126400 ms MarkObjects: 4.607400 ms  DeleteObjects: 0.041200 ms)

